[18:35:07] [ServerMain/INFO]: Environment: authHost='https://authserver.mojang.com', accountsHost='https://api.mojang.com', sessionHost='https://sessionserver.mojang.com', servicesHost='https://api.minecraftservices.com', name='PROD'
[18:35:08] [Worker-Main-2/INFO]: Loaded 7 recipes
[18:35:09] [Server thread/INFO]: Starting minecraft server version 1.18.2
[18:35:09] [Server thread/INFO]: Loading properties
[18:35:09] [Server thread/INFO]: This server is running Pufferfish version git-Pufferfish-64 (MC: 1.18.2) (Implementing API version 1.18.2-R0.1-SNAPSHOT) (Git: 52e42d7 on HEAD)
[18:35:09] [Server thread/INFO]: Server Ping Player Sample Count: 12
[18:35:09] [Server thread/INFO]: Using 4 threads for Netty based IO
[18:35:09] [Server thread/WARN]: [Pufferfish] To improve performance, timings have been disabled by default
[18:35:09] [Server thread/WARN]: [Pufferfish] You can still use timings by using /timings on, but they will not start on server startup unless you set timings.really-enabled to true in paper.yml
[18:35:09] [Server thread/WARN]: [Pufferfish] If you would like to disable this message, either set timings.really-enabled to true or timings.enabled to false.
[18:35:09] [Server thread/WARN]: [Pufferfish] SIMD operations are available for your server, but are not configured!
[18:35:09] [Server thread/WARN]: [Pufferfish] To enable additional optimizations, add "--add-modules=jdk.incubator.vector" to your startup flags, BEFORE the "-jar".
[18:35:09] [Server thread/WARN]: [Pufferfish] If you have already added this flag, then SIMD operations are not supported on your JVM or CPU.
[18:35:09] [Server thread/WARN]: [Pufferfish] Debug: Java: 17.0.2, test run: false
[18:35:09] [Server thread/INFO]: Default game type: SURVIVAL
[18:35:09] [Server thread/INFO]: Generating keypair
[18:35:09] [Server thread/INFO]: Starting Minecraft server on *:25565
[18:35:09] [Server thread/INFO]: Using epoll channel type
[18:35:09] [Server thread/INFO]: Paper: Using libdeflate (Linux x86_64) compression from Velocity.
[18:35:09] [Server thread/INFO]: Paper: Using OpenSSL 1.1.x (Linux x86_64) cipher from Velocity.
[18:35:09] [Server thread/INFO]: Server permissions file permissions.yml is empty, ignoring it
[18:35:09] [Server thread/INFO]: Preparing level "world"
[18:35:10] [Server thread/INFO]: Preparing start region for dimension minecraft:overworld
[18:35:10] [Server thread/INFO]: Time elapsed: 175 ms
[18:35:10] [Server thread/INFO]: Preparing start region for dimension minecraft:the_nether
[18:35:10] [Server thread/INFO]: Time elapsed: 62 ms
[18:35:10] [Server thread/INFO]: Preparing start region for dimension minecraft:the_end
[18:35:10] [Server thread/INFO]: Time elapsed: 57 ms
[18:35:10] [Server thread/INFO]: Starting remote control listener
[18:35:10] [Server thread/INFO]: Thread RCON Listener started
[18:35:10] [Server thread/INFO]: RCON running on 0.0.0.0:25575
[18:35:10] [Server thread/INFO]: Running delayed init tasks
[18:35:10] [Server thread/INFO]: Done (1.330s)! For help, type "help"
[18:35:10] [Server thread/INFO]: Timings Reset
[18:35:53] [User Authenticator #1/INFO]: UUID of player Jell0king is 8ba814d0-fb34-4379-85dc-9eccc8f634ca
[18:35:53] [Server thread/INFO]: Jell0king joined the game
[18:35:54] [Server thread/INFO]: Jell0king[/172.19.0.1:57714] logged in with entity id 163 at ([world]-5.123239715986122, 94.0, -55.89970516613955)
[18:38:57] [Server thread/INFO]: Jell0king lost connection: Disconnected
[18:38:57] [Server thread/INFO]: Jell0king left the game
